03-07 22:36:40,176 INFO  [DispatcherServlet] FrameworkServlet 'spring-dispatcher': initialization started
03-07 22:36:40,209 INFO  [AnnotationConfigWebApplicationContext] Refreshing WebApplicationContext for namespace 'spring-dispatcher-servlet': startup date [Tue Mar 07 22:36:40 ICT 2017]; root of context hierarchy
03-07 22:36:40,342 INFO  [AnnotationConfigWebApplicationContext] No annotated classes found for specified class/package [com.rupp.hangsopheak.config.MvcConfig]
03-07 22:36:40,429 INFO  [AutowiredAnnotationBeanPostProcessor] JSR-330 'javax.inject.Inject' annotation found and supported for autowiring
03-07 22:36:40,901 INFO  [DispatcherServlet] FrameworkServlet 'spring-dispatcher': initialization completed in 722 ms
03-07 22:52:39,736 INFO  [AnnotationConfigWebApplicationContext] Closing WebApplicationContext for namespace 'spring-dispatcher-servlet': startup date [Tue Mar 07 22:36:40 ICT 2017]; root of context hierarchy
03-07 22:53:11,995 INFO  [DispatcherServlet] FrameworkServlet 'spring-dispatcher': initialization started
03-07 22:53:12,027 INFO  [AnnotationConfigWebApplicationContext] Refreshing WebApplicationContext for namespace 'spring-dispatcher-servlet': startup date [Tue Mar 07 22:53:12 ICT 2017]; root of context hierarchy
03-07 22:53:12,121 INFO  [AnnotationConfigWebApplicationContext] No annotated classes found for specified class/package [com.rupp.hangsopheak.config.MvcConfig]
03-07 22:53:12,335 INFO  [AutowiredAnnotationBeanPostProcessor] JSR-330 'javax.inject.Inject' annotation found and supported for autowiring
03-07 22:53:13,127 INFO  [DispatcherServlet] FrameworkServlet 'spring-dispatcher': initialization completed in 1128 ms
03-07 22:57:12,484 INFO  [AnnotationConfigWebApplicationContext] Closing WebApplicationContext for namespace 'spring-dispatcher-servlet': startup date [Tue Mar 07 22:53:12 ICT 2017]; root of context hierarchy
03-07 23:07:03,383 INFO  [DispatcherServlet] FrameworkServlet 'spring-dispatcher': initialization started
03-07 23:07:03,419 INFO  [AnnotationConfigWebApplicationContext] Refreshing WebApplicationContext for namespace 'spring-dispatcher-servlet': startup date [Tue Mar 07 23:07:03 ICT 2017]; root of context hierarchy
03-07 23:07:03,519 INFO  [AnnotationConfigWebApplicationContext] No annotated classes found for specified class/package [com.rupp.hangsopheak.config.MvcConfig]
03-07 23:07:03,574 INFO  [AutowiredAnnotationBeanPostProcessor] JSR-330 'javax.inject.Inject' annotation found and supported for autowiring
03-07 23:07:04,168 INFO  [DispatcherServlet] FrameworkServlet 'spring-dispatcher': initialization completed in 783 ms
03-07 23:40:31,065 INFO  [DispatcherServlet] FrameworkServlet 'spring-dispatcher': initialization started
03-07 23:40:31,091 INFO  [AnnotationConfigWebApplicationContext] Refreshing WebApplicationContext for namespace 'spring-dispatcher-servlet': startup date [Tue Mar 07 23:40:31 ICT 2017]; root of context hierarchy
03-07 23:40:31,154 INFO  [AnnotationConfigWebApplicationContext] No annotated classes found for specified class/package [com.rupp.hangsopheak.config.MvcConfig]
03-07 23:40:31,196 INFO  [AutowiredAnnotationBeanPostProcessor] JSR-330 'javax.inject.Inject' annotation found and supported for autowiring
03-07 23:40:31,609 INFO  [DispatcherServlet] FrameworkServlet 'spring-dispatcher': initialization completed in 543 ms
